<?xml version="1.0" encoding="UTF-8"?>
<!-- Generated by org.testng.reporters.JUnitXMLReporter -->
<testsuite ignored="0" hostname="DESKTOP-QQJINFP" failures="0" tests="5" name="Test" time="9.091" errors="0" timestamp="2023-07-25T09:17:16 ART">
  <testcase classname="pruebas.Clase8bTest" name="login" time="2.075"/>
  <testcase classname="pruebas.Clase8bTest" name="login" time="1.937"/>
  <testcase classname="pruebas.Clase8bTest" name="login" time="1.788"/>
  <testcase classname="pruebas.Clase8bTest" name="login" time="1.722"/>
  <testcase classname="pruebas.Clase8bTest" name="login" time="1.509"/>
</testsuite> <!-- Test -->
