<?xml version="1.0" encoding="UTF-8"?>
<testng-results ignored="0" total="1" passed="1" failed="0" skipped="0">
  <reporter-output>
  </reporter-output>
  <suite started-at="2023-07-28T08:51:03 ART" name="Default suite" finished-at="2023-07-28T08:51:43 ART" duration-ms="39191">
    <groups>
    </groups>
    <test started-at="2023-07-28T08:51:03 ART" name="Default test" finished-at="2023-07-28T08:51:43 ART" duration-ms="39191">
      <class name="Edit.EducacionIT_64249.ScrollScreenshotTest">
        <test-method signature="scrollScreenshotTest()[pri:0, instance:Edit.EducacionIT_64249.ScrollScreenshotTest@55a147cc]" started-at="2023-07-28T08:51:03 ART" name="scrollScreenshotTest" finished-at="2023-07-28T08:51:43 ART" duration-ms="39159" status="PASS">
          <reporter-output>
          </reporter-output>
        </test-method> <!-- scrollScreenshotTest -->
      </class> <!-- Edit.EducacionIT_64249.ScrollScreenshotTest -->
    </test> <!-- Default test -->
  </suite> <!-- Default suite -->
</testng-results>
